<?xml version="1.0" encoding="UTF-8"?>
<!-- Generated by org.testng.reporters.JUnitXMLReporter -->
<testsuite hostname="LAPTOP-8JRM8VRK" ignored="0" name="Test" tests="4" failures="0" timestamp="2022-03-13T21:08:36 CST" time="83.129" errors="0">
  <testcase name="TestLinkIniciaSesion_eBay" time="1.07" classname="com.TesteBay.Test_Compra_eBay"/>
  <testcase name="TestLoginApplication_eBay" time="3.698" classname="com.TesteBay.Test_Compra_eBay"/>
  <testcase name="TestSearchAddShoppingCartArticle_eBay" time="64.773" classname="com.TesteBay.Test_Compra_eBay"/>
  <testcase name="TestShoppingCartArticle_eBay" time="2.935" classname="com.TesteBay.Test_Compra_eBay"/>
</testsuite> <!-- Test -->
